187
302
345
587
679
821
897
943
964
995
1082
1301
1589
1620
1632
1843
2152
2217
2298
2496
2624
2651
2657
2724
2886
2921
2933
2997
3354
3401
3438
3479
3569
3577
4294
4630
4654
4814
4841
4942
4953
5035
5043
5062
5179
5238
5350
5385
5699
5762
5816
5893
5934
5987
6033
6594
6614
6682
6832
6878
6913
7163
7267
7450
7744
7758
7896
8032
8190
8271
8372
8624
8665
8666
8681
8727
8774
8975
9375
9412
9774
303
347
355
372
571
768
881
929
1120
1147
1153
1273
1531
1768
1838
1911
1980
2039
2092
2504
2511
2580
2645
2899
2939
3015
3020
3259
3293
3311
3487
3878
3976
3978
4009
4348
4375
4457
4501
4577
4749
4798
5021
5045
5219
5476
5540
6133
6306
6408
6470
6627
6784
7383
7434
7543
7821
8148
8192
8219
8225
8259
8286
8420
8549
8716
8724
9515
60
96
616
1166
1321
1463
1715
2192
2677
2865
2954
3601
3693
3910
4063
4237
4864
5215
5286
5525
5758
5866
5871
5904
5929
6062
6068
6166
6574
6717
6718
6789
7009
7312
7870
7961
8220
8531
8725
8957
9060
9185
9187
9205
9746
134
332
373
379
1003
1044
1336
1585
2294
2361
2415
3189
3283
3378
3697
3726
3818
3860
3874
4082
4534
4600
4685
4725
4992
5022
5298
5315
5551
5560
5591
6644
6647
6843
6868
7249
7432
7582
7723
7806
7932
7953
8178
8345
8585
9297
9345
9475
9665
9734
9806
166
333
530
1164
1322
2117
2141
2430
2857
2867
2920
3665
3999
4302
4404
4558
5819
6096
6740
7362
7457
7594
7652
7735
7847
8006
8046
8149
8350
8478
8668
8712
8816
9044
9086
9215
9555
9773
9794
138
507
799
1772
1822
2349
2484
3221
4044
4099
5505
5585
5792
5793
5874
6639
7235
7717
7863
7886
7926
7947
8162
8580
8744
9203
9557
9713
9914
9922
58
563
1423
1628
2387
2491
2543
3126
3521
3792
4183
4209
4242
5039
5438
5713
6118
6529
6620
7001
7625
7768
8023
8638
8923
9130
9358
9478
9705
9714
133
681
826
1038
1159
1568
2177
2398
3291
4414
4658
4945
6049
6126
6555
7032
7120
7323
8044
8446
9380
9857
1350
1419
2607
4397
4822
4890
5349
6027
6294
6611
7492
7965
8091
9281
16
68
322
706
1337
1509
1903
2079
2525
3022
3517
3616
4618
4802
4872
5325
5883
9118
9549
9615
9721
232
252
289
1014
1242
1793
2147
3477
5013
5252
5307
5897
6314
6553
6983
7028
7111
7116
7363
7445
7585
7989
8459
9064
9082
9179
1439
1525
2640
2748
3237
3881
3981
4065
4167
4210
4763
5165
5783
6100
6115
6225
7017
7751
8660
9349
9361
9758
9935
9954
314
698
1288
1773
2949
3141
3739
3857
4662
5174
5542
5574
6495
8633
9360
9724
1042
1821
2311
3218
4187
4696
6883
251
1171
1776
1883
2154
2692
3153
5657
5777
7221
7509
7517
8256
8276
8502
8795
9236
9974
1231
2454
3028
3847
7150
7161
7707
8950
9013
9352
653
3457
3851
4325
4361
5831
7836
8188
9348
9437
9566
3387
6179
6273
7034
7755
8423
8536
172
1411
1536
3375
3822
4117
4782
5154
5302
6738
7695
9193
9822
954
1962
2335
2973
4263
5148
5228
8418
9125
456
1446
3084
3177
3233
4924
6008
7241
8364
9039
9220
9496
4599
4718
6093
6130
6746
8153
9382
2312
3777
4811
7832
8398
197
424
1086
4851
5133
7541
8075
8340
8427
8752
9967
670
1853
2123
3132
4197
5296
5509
5880
6211
9026
9221
9440
727
1287
4688
5603
8030
1078
1363
3533
5562
5620
6598
7192
7301
7346
7520
7716
8107
8210
8463
9641
823
1483
2034
5312
5368
8306
8646
9523
1117
1689
3866
6367
9038
849
3571
3728
5176
6187
6562
7560
8195
9262
1539
2262
6136
8473
2515
4394
5262
7157
8671
9278
9493
9595
95
2180
4172
5751
7319
7473
9127
239
1673
6035
6305
9370
250
2643
3140
6973
7099
870
1418
5066
6297
2558
3397
9626
466
1382
2261
3883
4031
7797
7810
9321
9821
1472
3122
3903
4306
8128
2102
4569
5625
6393
7505
8480
1197
8728
766
2516
4062
6987
9920
1465
1823
2178
5522
6114
6604
7205
7272
7779
4597
6755
9123
9421
1359
2126
2834
2861
1269
3077
259
1214
8001
10
26
31
46
80
83
144
155
202
206
212
225
229
237
240
254
262
265
286
305
337
370
371
377
391
403
406
422
440
445
447
457
462
473
479
487
493
495
508
524
539
546
547
548
554
555
581
583
621
631
643
657
664
672
724
734
736
747
764
771
809
827
833
835
856
860
875
892
893
941
958
967
974
991
998
1002
1024
1030
1037
1055
1061
1079
1123
1127
1143
1148
1192
1212
1218
1219
1229
1240
1247
1274
1326
1352
1362
1367
1371
1383
1398
1412
1422
1434
1443
1449
1474
1486
1511
1514
1544
1557
1581
1591
1598
1611
1626
1636
1639
1644
1651
1659
1669
1678
1680
1683
1714
1719
1726
1737
1754
1763
1782
1825
1827
1859
1867
1902
1912
1922
1925
1927
1945
1976
1989
1990
1996
1997
2046
2048
2049
2066
2067
2093
2109
2128
2173
2179
2200
2211
2218
2230
2240
2246
2269
2297
2299
2321
2327
2365
2389
2392
2402
2425
2445
2465
2540
2592
2606
2610
2614
2615
2616
2642
2658
2659
2662
2673
2687
2733
2759
2772
2815
2823
2841
2892
2905
2940
2947
2955
2958
2993
2995
3003
3070
3076
3081
3114
3135
3161
3164
3173
3187
3198
3207
3226
3232
3251
3263
3272
3274
3368
3380
3385
3400
3409
3410
3413
3429
3452
3459
3463
3466
3490
3511
3515
3518
3525
3529
3539
3543
3546
3597
3599
3617
3635
3639
3645
3655
3668
3684
3730
3731
3733
3749
3763
3773
3802
3803
3858
3859
3873
3880
3884
3890
3895
3899
3914
3929
3932
3933
3946
3947
3958
3961
3972
3984
4006
4029
4053
4057
4075
4091
4093
4110
4112
4133
4147
4156
4157
4255
4311
4329
4346
4380
4406
4411
4416
4422
4431
4438
4441
4458
4477
4485
4489
4492
4510
4511
4527
4537
4542
4549
4566
4568
4570
4580
4586
4625
4642
4674
4716
4721
4722
4735
4788
4793
4796
4815
4831
4842
4874
4911
4936
4954
4969
4994
5010
5028
5032
5049
5055
5082
5116
5118
5135
5146
5150
5155
5169
5237
5242
5255
5260
5273
5288
5293
5331
5337
5339
5353
5455
5462
5475
5483
5488
5491
5493
5517
5539
5561
5563
5580
5590
5596
5608
5612
5630
5642
5647
5656
5679
5712
5732
5753
5776
5780
5822
5832
5838
5845
5847
5873
5916
5946
5959
6002
6048
6119
6148
6150
6162
6175
6194
6196
6197
6250
6258
6260
6268
6271
6282
6296
6312
6315
6332
6348
6349
6350
6372
6380
6381
6382
6396
6399
6401
6433
6449
6453
6457
6461
6477
6558
6576
6582
6583
6591
6617
6681
6694
6703
6706
6723
6741
6742
6744
6747
6778
6786
6820
6822
6827
6833
6834
6838
6842
6870
6896
6908
6936
6943
6951
6959
6991
6994
7013
7014
7038
7056
7066
7084
7093
7113
7126
7167
7194
7203
7217
7224
7226
7247
7250
7259
7298
7303
7321
7324
7361
7374
7376
7393
7419
7421
7441
7476
7513
7515
7521
7523
7549
7562
7566
7628
7637
7648
7679
7684
7709
7721
7767
7783
7787
7792
7822
7833
7845
7882
7884
7902
7917
7938
7981
8000
8015
8026
8028
8038
8050
8056
8063
8090
8104
8108
8112
8120
8134
8142
8157
8180
8187
8191
8204
8207
8208
8217
8218
8235
8236
8262
8280
8353
8360
8361
8371
8374
8377
8406
8412
8415
8432
8469
8471
8486
8500
8510
8519
8522
8524
8525
8552
8553
8570
8573
8611
8612
8627
8636
8647
8682
8698
8700
8729
8741
8766
8804
8805
8814
8870
8910
8912
8930
8956
8958
8976
8986
9033
9034
9057
9068
9069
9075
9078
9106
9107
9153
9168
9196
9200
9202
9217
9230
9237
9265
9284
9290
9292
9293
9298
9303
9333
9337
9364
9374
9377
9388
9399
9405
9410
9417
9424
9428
9435
9445
9465
9472
9489
9499
9507
9525
9541
9576
9609
9624
9625
9629
9638
9639
9656
9657
9658
9677
9683
9697
9699
9701
9732
9748
9788
9808
9823
9825
9834
9839
9856
9858
9912
9931
9938
9945
9968
9982
9989
9997
8768
9529
52
3167
7992
8554
8959
2012
8831
8904
9813
3063
211
3504
3751
4252
4816
6600
7869
8591
2833
8303
8732
318
1664
4032
5635
8363
8393
1088
1780
3524
5363
7545
8035
9606
3340
3776
4766
5775
8327
8649
1622
2007
2745
2756
4583
6807
8771
8929
1011
1070
2175
2283
2333
7427
8592
9729
3092
8776
152
6704
8643
9342
1052
4525
7536
9126
8
765
1695
5765
5923
6588
846
2176
3626
5567
6721
2655
2784
4270
6533
437
1603
2081
2611
3341
3359
5936
1364
2243
2582
2619
2932
6753
8124
3968
4203
5418
8437
3657
6104
7827
4828
5181
6584
7647
8201
2703
5127
5827
7242
803
4273
5480
7988
8396
9206
9346
235
3394
436
1168
1199
3453
8334
1608
1974
2668
3499
4518
5059
5107
5801
5858
6899
8860
9432
9915
884
1068
3717
5604
8709
258
301
392
1624
1738
2021
3638
5518
5588
5813
7496
7900
9099
9323
9897
63
4635
5600
7134
8132
8289
1662
3123
3534
4261
4277
5124
5640
6021
6165
7054
7183
8170
8319
8576
9390
9764
834
2603
6132
6240
7669
7728
8756
659
7355
7756
7997
9267
9296
9505
9738
676
1057
3995
4174
5200
718
793
850
1657
2595
3661
3664
4495
5006
6304
6379
6439
6605
6942
7083
8089
8866
9392
9573
450
4086
4860
4907
4958
5970
9381
505
937
1845
1879
2096
3256
3381
6655
7469
7620
8269
8765
8937
9739
9769
549
1765
2517
3926
5932
887
1209
1725
2030
3116
4189
4601
5843
5925
6667
6803
6873
8367
8600
8703
1658
3428
5501
6725
8761
9261
9520
74
3000
3057
3346
5362
6544
7274
8288
8695
8965
119
1323
4678
369
668
731
733
1615
3220
3761
3817
4066
4426
4517
5799
6086
6163
6917
7238
7358
7933
8370
9066
9805
9926
626
2460
2816
5660
5736
6761
9135
222
1433
4212
2364
9100
1017
1691
1888
2428
3325
3760
4275
5267
5365
5470
6882
8062
8098
8366
9056
9156
9266
9568
9574
9884
3531
3562
4437
4575
5833
9255
64
287
545
560
1965
1987
3674
4664
5280
5332
299
527
2723
6909
9767
1094
1190
1881
2322
2332
2790
2926
3373
3456
3902
4069
4165
4232
4476
4588
4934
5029
5239
5371
5649
5791
7667
8995
9486
9728
2293
5921
7076
8811
8901
642
5771
7291
8401
9246
1605
3425
4769
7313
7887
221
268
632
779
1064
1340
2009
2158
2714
2873
3191
3498
3757
3814
4038
4768
4800
5323
5333
5492
5513
5828
6436
6728
7258
7304
7425
7703
8086
8449
9102
9608
1163
2110
7795
1864
3303
6087
6520
7031
7531
7687
7426
1135
1230
1476
1781
2799
3433
3948
4228
4497
4750
5422
5650
6375
6673
6945
7385
7840
8065
8314
8662
8726
9995
282
627
820
2112
9901
263
3295
3505
3875
4205
4272
6015
8263
8414
9286
749
811
858
1236
2223
3754
3931
4801
4940
5198
6030
6080
6343
6998
7318
7668
7745
8036
8898
516
5655
6158
7305
7766
1020
2758
3649
6333
7572
8380
8567
648
677
1056
1129
1216
1498
1619
2131
2183
2362
2401
2461
2513
3949
4429
4617
5008
5162
5167
5222
5683
5702
6125
6504
7155
7573
7770
8161
8880
9023
9859
3580
4356
6336
794
1810
1878
3299
3396
4036
4944
6524
502
775
1116
1968
2207
2966
4163
4808
5389
5920
7444
8512
9151
9690
1448
4959
4442
6716
7166
7178
7262
8934
7
146
269
521
1263
1489
1561
1735
2718
2871
3008
3204
3264
3500
4024
4166
4226
5027
5500
5796
6076
6280
6972
6976
7160
7184
7210
7264
7555
7561
7993
8057
8099
8402
8407
8645
8848
8871
9776
2171
2704
4821
5399
8216
8770
8895
1960
3201
8347
8757
12
300
797
1046
1256
1736
1770
3980
4051
4535
5737
5872
6385
7142
7524
7602
7950
9190
9516
663
2357
2701
4193
6844
8298
1527
3513
9844
3734
4818
8742
9411
125
157
603
902
1151
1732
1816
2071
2390
3010
3060
3242
3250
3302
3389
3613
3718
3740
3782
4035
4926
6017
6038
6227
6511
7209
8005
8034
8189
8430
8454
8784
8850
9398
9528
9666
9899
9941
4557
3364
5918
6962
7485
2755
3391
5259
5578
6103
1140
1495
8789
9080
381
975
1425
1633
1952
2235
3595
4967
7008
7100
7145
7535
8278
8917
9384
9462
9571
9936
2593
2943
8622
9454
53
1941
2285
4943
6812
9359
636
1910
2181
2898
5164
8483
8842
9331
9662
2414
3107
5636
6203
112
334
409
600
635
644
745
861
1096
1381
1491
1569
1786
1789
2167
2265
2649
2800
3570
3719
3790
3953
4267
4467
4567
4708
5427
6144
6174
6352
6373
6666
7103
7197
7391
7879
7880
7970
7978
8242
8617
8823
8853
2253
5512
956
6284
1040
1614
2248
3086
3862
5231
6000
6859
8151
8710
2242
2627
6736
7769
9007
124
277
575
804
1021
1791
1855
2416
3823
3934
4016
4111
4312
4424
4512
4521
5075
6113
7070
7122
7211
9241
9247
684
1441
3443
6975
7386
266
868
1076
1232
3100
5444
6384
9700
194
1356
1518
2547
3193
5856
6750
118
762
3508
3623
4598
6971
7360
7416
7853
4789
4834
4975
5248
7568
7858
9258
17
230
557
667
769
891
983
1041
1083
1314
1437
1785
2473
2474
2475
2923
2937
3211
3258
3942
4071
4123
4148
4180
4290
4344
4403
4906
4995
5015
5061
5207
5230
5245
5313
5602
5658
5876
5889
6016
6387
6726
7148
7153
7180
7266
7345
7702
7946
8048
8467
8505
8791
8990
9109
9142
9338
9350
9598
9879
9951
1590
2638
3682
5153
5725
605
817
1343
2188
7546
8354
9934
2976
3905
4405
5040
5988
542
1001
1295
2444
2870
3700
3959
5034
8237
8743
8933
2578
3175
3244
6329
101
654
1985
2013
2124
2424
2978
3358
3834
5380
5954
6234
6327
6891
6934
7069
7802
7980
8066
8082
8506
8857
9397
9441
9544
9797
9921
3586
4852
5094
6244
6815
7092
8637
9675
589
1792
2252
2291
4813
5521
5989
6503
6517
8616
9263
9669
9891
2644
6083
9670
9766
49
54
395
434
1407
7276
7415
1090
1210
1665
2838
3344
5579
7885
9829
1286
5804
7106
7874
9446
5964
61
159
245
313
431
451
739
1095
1345
1365
1373
1755
2266
2427
2433
2635
2960
3035
3538
3846
3892
3974
3983
4115
4175
4191
4257
4321
4359
4462
4491
4539
4707
4746
4820
4857
5019
5071
5284
5352
5433
5621
5770
5817
5917
6129
6386
6437
6499
6521
6781
6818
6851
7039
7045
7095
7231
7348
7380
7410
7435
7593
7659
7713
7818
7819
7974
8079
8501
8516
8680
8801
8932
9105
9154
9430
9527
9660
9966
1023
1961
2213
3563
7472
8399
841
6206
6650
6662
8605
1105
5884
6182
6210
6403
6420
6518
6692
6926
7405
8797
9543
9597
3001
5056
6701
6719
7179
8012
8843
9143
5160
5347
7470
7838
1435
1969
2104
2222
3006
3991
4633
4719
5033
5697
6541
6889
7172
7278
7613
9686
2807
4425
8221
9514
4222
5336
7144
7635
8431
210
342
388
475
1071
1293
1387
1787
2358
2503
2632
3793
3805
4475
4783
5031
5669
5787
5877
6186
6658
6941
7108
7396
7778
7904
8011
8496
9104
9317
9550
9560
9744
9850
9852
669
2850
4632
7354
2449
2700
3745
4315
5729
7049
319
2990
3716
4149
4612
6948
7290
8935
36
979
1092
1202
1721
2379
2554
2964
2970
4366
5379
6407
6939
8265
8667
9485
9655
9871
192
1265
2963
4192
4350
5000
9282
9810
9842
56
807
2058
2394
3200
3660
3950
4266
4319
4723
5401
5947
6102
7608
8315
9693
9753
9969
1668
2881
4845
5641
8507
2083
4459
6184
6398
8150
4050
6353
7975
9097
396
3360
7644
73
203
376
464
512
552
601
926
960
1051
1118
1517
1529
1679
1889
1948
2247
2518
2544
2590
2654
2698
2737
2830
3032
3069
3087
3098
3320
3321
3363
3509
3738
3779
4041
4297
4326
4500
5084
5223
5287
5367
5553
5570
5667
5846
6137
6160
6269
6319
6363
6370
6390
6473
6693
6886
6910
7004
7024
7275
7284
7468
7589
7831
7871
7893
7907
7996
8004
8047
8084
8106
8247
8253
8312
8365
8395
8572
8614
8719
8837
8841
8913
9093
9163
9401
9816
9949
2806
5030
5457
6228
7050
8167
8357
55
1234
8787
3017
4090
5364
7367
2709
3215
6218
8077
9433
9927
1206
1444
2203
3594
4496
4546
5225
5227
5595
5598
8100
8316
2132
2573
3160
3269
4127
8869
9003
227
715
1008
1328
1833
2542
2697
3644
3698
4699
7636
8851
9031
9231
9240
9518
9519
825
1570
1562
1932
5185
6139
9885
1022
2069
2462
3365
4081
4849
5403
5870
7906
9873
785
3765
5041
8751
9169
9791
819
1160
1494
1882
2439
3307
3398
3877
4012
4240
4515
4540
4752
5096
5151
5672
5830
5963
6564
6826
7629
7649
7925
7937
8231
8291
8482
8675
8685
8714
8785
8931
9339
9546
8095
8817
4606
4281
7098
7511
7677
7705
9245
9572
1739
6506
6671
7442
7986
9020
9535
103
167
596
1245
2221
2409
2599
2613
3064
3208
3222
3399
4211
4744
6073
8730
8897
8984
9894
4949
6347
9722
1847
2121
2925
3337
4970
5182
5948
7753
8754
9510
5957
6235
315
1208
6641
6801
6824
8503
8523
9406
9452
805
869
5004
1461
1973
3420
6621
6986
9980
243
1223
5406
5597
5994
6185
6928
7020
8788
3503
8803
1281
4114
5807
6874
42
126
233
331
368
402
416
435
461
518
553
702
852
864
1138
1404
1466
1650
1652
1672
1706
1834
1848
2037
2050
2060
2133
2168
2189
2244
2286
2336
2487
2490
2570
2601
2653
2678
2845
2948
2971
3046
3047
3056
3115
3157
3247
3445
3497
3634
3658
3720
3783
3825
3924
3962
4087
4144
4307
4313
4355
4490
4498
4526
4616
4666
4694
4791
4829
4850
4853
4879
4895
5129
5405
5443
5466
5503
5558
5631
5749
5761
5788
5837
5908
5952
6164
6181
6193
6354
6462
6487
6552
6570
6623
6819
6884
7072
7146
7177
7204
7333
7389
7740
7773
7775
7901
7983
8010
8147
8196
8283
8326
8379
8453
8491
8654
8661
8721
8924
8927
8939
9249
9270
9285
9498
9589
9627
9737
9782
9849
9992
623
6120
2052
8181
2054
3701
3824
4280
7985
8936
9363
1073
1526
8346
8808
292
961
2775
3128
6930
7605
8745
5
236
666
1228
3343
3471
4049
4064
4316
5166
5535
5867
6324
6845
7087
7088
7430
9356
9565
2284
6724
1025
1749
2305
2805
3142
3906
4229
4848
6530
6900
7151
7627
7942
8171
8426
9709
9771
281
1161
1177
3830
5180
5741
1204
5202
6765
9634
9824
47
67
104
154
691
1335
1682
1751
2166
2983
2994
3143
3670
3882
4083
4408
4571
4993
5139
5321
5805
5854
6680
6956
7065
7105
7359
8018
8058
8535
8556
5373
7068
9177
9563
2019
4771
5205
8475
9795
86
189
335
942
2000
2356
2557
3051
3494
4547
4753
6075
6274
8689
8793
9040
9594
1887
3294
3376
3411
4728
7595
8293
8737
9167
9289
2459
3152
3872
8114
990
2710
3650
6405
8602
8997
384
427
514
697
1533
1612
2032
2193
2480
2888
2961
3181
3561
3871
4119
4484
4563
4727
5017
5276
5412
5568
5739
5937
6053
6429
7761
7951
7998
8205
8389
8397
8438
8460
8893
9004
9025
9052
9170
9195
9522
9864
690
2190
4152
4283
4562
7454
40
4200
4799
4826
1566
3027
5199
6109
6556
8061
8839
1851
2762
5026
5191
5611
6351
6634
7058
7459
8763
9765
366
913
2274
2634
3255
4002
6123
2524
4279
6849
7273
7661
361
444
1048
1115
1377
1380
1696
1839
2981
3361
3405
4004
4337
4861
4927
5256
5317
5413
5744
5814
6488
7025
7558
7765
7995
8270
9045
9113
9172
9534
9981
1840
2113
2776
4896
6545
7462
7638
2115
2977
3012
4271
5419
6979
7556
3482
634
1106
1258
1893
2903
3286
3318
4218
4339
4770
4837
5554
6207
6888
7506
7626
8518
8588
8758
9761
924
2334
7979
904
1075
1694
2381
3486
3568
3696
5639
6377
6559
6709
8025
8318
8921
9074
9148
9354
9775
84
882
1643
150
181
2295
2767
3519
4468
7503
8137
8321
8876
9394
141
198
1087
2916
3746
5458
6427
7091
7905
5576
7006
201
1315
4587
7265
7317
7654
8222
8644
2160
4109
5532
25
613
876
1109
2306
4988
5016
5101
9155
9488
9937
109
2325
5675
6710
7580
1
2
70
121
219
249
296
471
566
751
798
949
959
989
1019
1065
1072
1097
1211
1267
1320
1379
1459
1507
1635
1660
1671
1876
1906
1907
1934
1953
2296
2302
2370
2471
2499
2548
2584
2670
2691
2726
2858
2891
3082
3134
3209
3240
3248
3261
3348
3355
3371
3416
3424
3507
3637
3705
3815
3893
4025
4058
4135
4158
4169
4184
4231
4241
4328
4373
4665
4712
4869
4918
5001
5048
5086
5344
5629
5757
5887
5938
5996
6055
6143
6395
6476
6481
6498
6500
6590
6674
6690
6730
6933
6993
7096
7130
7260
7302
7309
7338
7351
7353
7533
7552
7553
7583
7653
7656
7676
7688
7697
7698
7725
7738
7793
7796
7878
8244
8266
8388
8442
8534
8563
8565
8579
8778
8812
8881
8884
8891
9090
9098
9513
9604
9637
9704
9719
9725
9733
9803
9812
9886
9889
9959
9986
1331
3688
9192
3406
3758
4649
2586
4554
4593
4854
5138
6966
9742
278
2065
4734
6124
7484
105
200
910
1312
1508
4254
5459
5582
5910
136
1305
1414
2552
3030
3050
4104
4121
4323
8450
9001
9419
685
5184
8441
27
1824
2386
6334
6441
7370
7404
7429
9642
429
2429
6577
520
2091
2114
3699
3709
4170
4522
4903
5572
5924
6154
6321
7019
7852
9114
9756
9863
1195
1447
2209
5054
7903
8526
8961
646
1399
7710
845
1237
2259
2527
2741
2908
3097
3374
3671
3798
4039
4767
4882
5159
5246
5275
5369
5926
5976
5979
6024
6421
6508
7408
7542
7551
8294
8760
234
2742
5100
5863
7733
8492
647
1201
1481
2272
2360
2472
3462
4794
7452
2561
8498
8856
1637
5324
8145
275
441
617
761
1420
1586
1769
2875
2906
3235
3309
4043
4589
5263
5665
5690
5913
6430
6640
6654
6700
6739
7299
7850
7927
8027
8060
8598
8902
9077
9260
750
1565
4395
7732
1898
3788
4529
1297
2215
4609
4941
5067
5485
5803
7085
452
997
2754
4236
295
1454
2184
2930
3439
3694
4751
5064
5651
6581
6619
6775
7527
8574
9209
5464
6223
6414
9917
494
2492
5894
5962
6246
6257
7424
8488
9882
1771
2385
3581
3997
4677
5261
6813
6898
8989
6418
7077
7477
7784
3331
4103
5354
6047
6283
7603
9875
39
98
419
488
630
728
1172
1303
1445
2574
2623
3079
3083
3101
3252
3278
3305
3319
3402
3437
3449
3585
3692
3759
3786
3845
3897
4007
4074
4095
4278
4585
4629
4647
4863
4908
4960
5125
5235
5802
6151
6159
6168
6183
6328
6426
6624
6637
6687
6737
7436
7615
7690
7764
7780
7816
8333
8740
8775
8969
9027
9138
9383
9442
9558
1144
1984
5722
7199
8394
9869
790
1778
1936
3573
2915
3014
5109
9680
1361
3033
4973
6088
6356
6921
8684
9815
945
1944
4754
5375
5482
7403
44
1828
1837
1884
4011
4418
4444
5504
5559
6760
7164
8074
8264
8928
8981
8993
9010
9160
9490
2965
5789
9095
9369
9539
689
1031
3262
7137
9708
9855
3301
4592
726
1469
7407
8369
970
992
994
1617
1764
2107
2156
3096
3224
3461
3843
4055
4287
5078
5477
6145
6465
6496
6497
6609
6613
7332
7349
7598
7685
7742
7748
7794
7864
7910
8096
8160
8172
8200
8250
8279
8561
9024
9088
9162
9444
532
6944
9089
9643
2053
3454
6212
9276
9896
35
199
1421
1814
3095
4454
4470
5634
6712
8093
9133
9294
9531
2345
6522
5212
6999
7619
8024
149
284
346
380
1266
2856
3139
3458
3621
4246
4354
4628
4742
5088
5099
5393
6131
6422
6472
6780
6863
7670
7825
7842
8495
8954
9715
123
3867
5002
448
1309
1555
2650
2713
3611
4116
5044
7046
7185
9158
541
1132
4077
529
1510
1758
1971
2560
2836
3395
3836
4019
4377
5447
5785
5980
6003
6245
6360
8274
9400
9460
927
2412
9043
9117
9600
20
1290
1868
5841
7876
193
719
812
1248
1872
2018
2315
2839
3465
3774
5999
6192
6893
8041
8109
8926
9072
2062
3789
5051
7139
7487
414
2498
3002
3007
4300
4622
5117
6243
7135
7369
7899
8226
8800
9482
9696
594
911
1318
4345
6788
6817
556
1241
1438
1999
4653
5392
6180
6369
7079
7225
7943
9208
9830
1111
2719
3275
4762
559
3619
4238
5070
9408
931
4014
4150
9233
599
830
7002
7263
185
950
4330
4892
8292
2138
2337
4078
5382
6448
6791
7030
7229
7246
7378
2757
3648
8487
8634
2313
4140
5119
5855
8651
9232
38
78
107
213
400
401
411
420
474
537
538
564
678
707
754
777
906
916
952
965
969
1026
1152
1154
1189
1261
1299
1311
1401
1503
1506
1542
1599
1642
1705
1710
1744
1766
1790
1797
1829
1842
1865
1955
1959
1975
1991
1993
2010
2028
2088
2136
2233
2279
2289
2340
2354
2368
2378
2476
2486
2636
2639
2690
2720
2746
2779
2885
2896
2980
3054
3170
3214
3219
3223
3329
3332
3526
3535
3600
3681
3747
3755
3970
3973
3992
3994
4054
4101
4310
4320
4401
4434
4452
4513
4528
4690
4700
4738
4743
4774
4778
4928
4985
5014
5060
5126
5128
5195
5196
5232
5251
5306
5327
5414
5436
5445
5523
5527
5543
5619
5633
5763
5769
5949
5977
5990
6058
6061
6066
6204
6331
6474
6512
6528
6531
6536
6602
6606
6653
6672
6675
6711
6729
6731
6872
6892
6906
6923
7016
7124
7170
7193
7292
7295
7341
7455
7478
7480
7495
7574
7584
7588
7622
7633
7660
7700
7704
7734
7736
7750
7824
7916
7948
7990
8176
8254
8272
8436
8464
8528
8590
8601
8639
8674
8691
8706
8779
8798
8821
8838
8979
8983
9000
9009
9041
9073
9198
9264
9368
9458
9484
9491
9501
9526
9554
9570
9584
9592
9593
9672
9694
9703
9760
9777
9809
9817
9906
9933
3810
3887
7413
839
1346
4660
5277
7308
8410
170
696
4402
660
4253
7104
2495
7090
9564
9635
2373
8381
1477
3713
5450
7277
7855
7963
8273
8905
9182
1173
3606
3848
6527
7003
8540
9079
428
1549
2256
2441
3560
3775
4392
5186
7243
8076
8342
8470
8499
9919
711
4143
5912
6707
6850
7000
1572
3147
3268
3506
5314
6065
6161
6862
7400
8867
9403
338
3591
4215
5253
8257
8514
907
1291
1338
2665
3016
3037
3322
8890
8944
489
618
1820
4413
4423
4856
5083
8040
8202
9636
128
148
390
977
1142
2026
2267
2705
3099
3708
4098
4126
4445
5623
5968
6659
6992
7579
7754
8165
8468
9036
9239
9575
3149
4899
7208
9599
1601
1718
1784
1964
3384
6178
7082
1501
2316
8103
11
22
816
848
1036
1304
1602
2663
2843
3339
3446
3703
3831
4182
5012
5930
6146
6241
7234
7614
7877
9062
9299
1015
2326
2656
2795
3839
4576
4978
5137
5939
7692
8101
9055
2008
5161
5335
6419
6554
7110
7866
8214
8892
9046
772
1300
1450
1460
1862
3009
9763
3627
5662
8951
244
327
432
558
740
1074
1268
2567
2686
2869
2917
2935
3089
3412
3473
3541
3800
4224
4455
4773
5654
6220
6320
6383
6492
6572
6828
7074
7529
7604
8255
8603
9256
9867
6051
9274
9831
752
1831
2100
7012
1471
7482
7563
8494
9420
71
288
389
759
1196
2255
3347
3680
4102
4258
5960
6018
6918
6938
7504
7801
9972
2944
3323
6447
7757
2452
5795
6836
7314
7530
9280
469
472
1406
2688
3495
4806
7206
8338
8569
209
6949
7466
1375
3840
4543
5394
5973
7168
18
79
310
640
828
1259
1302
1403
1540
1711
1874
2043
2116
2617
2956
3146
3159
3172
3179
3196
3281
3297
3382
4164
4385
4553
4581
4611
4684
4786
4825
4904
5168
5498
5584
6043
6105
6397
6543
6685
6881
7053
7118
7339
7781
7800
8039
8045
8068
8184
8331
8348
8664
8694
8826
9547
9979
418
815
1783
3641
4591
7977
9149
2070
3183
6311
597
3769
4249
4670
6589
6630
7699
9387
1198
2588
3265
4367
9545
37
294
485
1155
1947
2957
3124
3276
3666
4809
5896
6440
6713
6911
7422
8594
9930
2309
2443
7366
5409
6157
6535
9308
59
703
791
1344
1451
1730
1866
2001
2951
3210
3737
3820
3888
4217
6410
6782
6847
6871
7280
7310
7785
7931
7968
8479
8577
1869
3908
6854
7663
7913
9740
1623
2118
2245
2455
2541
2587
3267
3522
5112
1538
4076
5415
8071
9676
156
650
1298
2694
3544
3633
4516
4655
5950
6340
6715
7394
7443
8009
9663
694
4697
5510
6423
2852
4160
6077
8183
8762
8877
8914
9022
9447
9883
3922
1249
1844
6117
6265
6960
7547
8828
9685
1574
3418
4847
5684
6339
7352
9854
3163
4701
1981
3442
5857
6342
2825
9741
30
354
482
534
540
593
608
674
675
692
722
879
1004
1233
1333
1482
1493
1740
1858
1877
1894
1943
1983
2002
2155
2205
2341
2359
2396
2464
2494
2507
2675
2695
2760
2764
3034
3093
3271
3284
3455
3528
3690
3695
3898
3912
3923
3938
4003
4096
4162
4181
4398
4464
4737
4914
4915
4931
4956
5038
5187
5272
5316
5383
5397
5515
5577
5593
5606
5691
6394
6415
6432
6443
6467
6631
6756
7059
7147
7154
7373
7392
7411
7420
7437
7481
7624
7867
7909
7956
8174
8228
8337
8489
8582
8648
8659
8915
8943
8964
9029
9084
9204
9211
9250
9483
9508
9707
9735
9778
9838
9878
9907
9909
3062
4706
5270
5319
6072
7331
8562
8783
404
480
900
1875
2989
4042
5052
6757
271
1107
1182
2328
2395
8604
102
1045
7737
13
832
873
2226
3018
4221
8144
8575
3583
5338
7414
8211
9537
9874
116
758
2004
3869
4898
5958
6645
6802
6988
8542
9058
1183
2042
2170
5748
7245
1310
1926
2581
2897
4288
4613
4656
5469
5721
5756
6084
6141
6568
7851
8246
8421
9173
9647
4251
8863
180
735
2502
3646
4548
5355
6256
6762
7128
7356
7447
8310
9650
6664
8833
4
196
686
801
855
1081
1244
1698
1958
2120
2802
2809
2913
3491
3610
3630
3643
3764
4177
4407
4840
4878
5241
5677
5709
5786
6041
6189
7674
7803
7873
7952
8238
8713
8948
9607
9654
9785
33
43
725
1224
2437
3282
4199
5087
7662
1452
1588
3038
3049
3689
4463
4559
8697
9451
3190
32
579
1043
1535
2216
2440
4846
4900
5025
5465
7631
7643
9016
9070
9422
729
6796
7218
1150
3330
4220
7812
8824
9464
9876
323
981
1374
1670
2877
3415
3807
3821
3864
5850
6459
8308
1567
1723
2068
2469
4531
4772
5292
6063
7514
7791
215
467
2319
6485
7966
8042
8329
182
247
308
899
1099
1349
1353
1428
1528
1621
1745
1796
1805
1899
2324
2348
2418
2550
3285
3609
3770
3804
3913
4018
4037
4171
4365
4590
5092
5210
5421
5829
5890
6549
6560
6603
6649
6697
6720
6867
6924
6969
7005
7214
7239
7388
7694
7908
8194
8343
8429
8568
8919
9002
9150
9268
9506
9553
9580
9596
9837
9913
9943
29
5983
6805
6990
8020
8258
8543
3131
3987
4008
4234
6337
7914
9091
9325
9664
9
1121
1762
2287
4963
5692
5720
9538
5366
5453
5628
6708
7746
8080
8115
1583
2803
4507
4974
7491
92
306
443
695
802
872
2780
2837
2864
2982
3118
3336
3676
4080
4343
4640
5177
5329
5434
5759
6460
6607
7033
7078
7285
7334
8277
8564
9468
9651
4469
4977
1564
3080
4650
4938
8457
8539
8767
9223
9691
9895
2063
7789
7911
8963
9900
2204
2602
4335
4755
7747
8918
9371
34
111
246
272
730
746
862
972
1378
1417
1515
1571
1575
1649
1687
1885
2129
2140
2164
2831
2842
2859
2884
2893
3058
3174
3216
3241
3547
3556
3685
3852
3945
4757
4999
5009
5193
5206
5544
5840
5849
5859
6230
6299
7343
7550
7599
7834
7894
8078
8110
8179
8198
8206
8287
8827
9367
9396
9409
9674
9893
1610
4204
6198
6821
164
1582
2422
838
1930
2099
5617
5750
6550
6722
9178
9480
23
339
1530
3795
5547
9605
865
938
1126
4124
5309
7502
7606
8405
8977
9617
4207
9905
2727
3071
4760
8241
9189
9630
743
9503
81
115
255
324
365
624
1502
1703
1708
2125
2130
2198
2206
2351
2435
2556
2604
3061
3417
3669
4022
4759
5507
5624
5746
5941
6416
7498
7575
7616
8168
8177
8284
8810
8874
9015
9141
9385
9492
3011
3154
4388
5076
5966
8722
8830
51
309
1467
3608
3842
5506
9466
9768
161
915
1584
1767
1920
2355
3448
4859
6092
6208
6749
6785
7368
8967
9199
9214
184
851
9119
454
3629
9851
1089
1165
2186
2722
2789
3192
3427
3554
4871
4930
5175
5537
6222
6366
6471
7714
7854
8608
9248
9726
9799
9827
9880
7080
7097
9275
2747
6444
6446
9588
481
1188
2594
3372
3590
5420
8344
9423
1175
1560
2824
2872
2968
2974
3778
3989
4028
4262
4717
5111
5172
5266
5473
5778
5907
5945
6259
6469
7055
7439
7479
7683
7841
8390
8731
8868
9818
9877
4304
4997
6326
9780
378
2481
3144
4439
4910
6142
7474
8835
3185
3523
5073
5909
9993
279
1063
1596
1713
2671
3005
3296
3652
3838
3969
4399
5140
5581
6345
6519
6592
6814
7156
7623
9477
9779
9948
944
3052
3982
4216
5114
7138
7607
9404
2470
2535
2826
2969
4781
7297
7451
7507
7861
8064
62
465
946
1122
4620
5121
5711
6085
7945
9355
108
2162
3548
3960
4730
4833
4939
4983
5734
6629
7375
7493
9798
1697
4299
4561
7141
8260
8920
843
863
1125
1752
2458
2946
3502
4465
5984
7112
7222
1519
1992
3576
9811
174
1456
2410
3036
3308
3714
4045
4499
6292
6322
6982
9283
9362
1686
3434
4136
4987
5528
9314
9661
1826
4202
4646
5254
8819
9582
1039
1080
2084
4446
5618
5701
8472
9307
2585
4888
8299
8753
8960
908
2739
5220
5416
6484
6919
7586
883
1368
3236
4624
5668
5710
5852
8448
430
1110
1699
6081
6509
6538
6565
8007
8845
88
1674
687
2163
4976
5550
5663
973
2095
2489
3920
4634
6816
7641
7935
8223
9251
9698
9987
3624
9316
2006
3551
5281
6
45
69
120
127
165
171
188
218
242
261
298
307
349
356
358
426
531
551
584
622
652
665
717
778
780
796
808
818
829
836
853
895
912
928
968
987
993
1012
1028
1067
1077
1136
1146
1264
1317
1325
1347
1385
1389
1394
1415
1440
1462
1475
1480
1541
1607
1634
1666
1741
1742
1895
1901
1904
1909
1928
1931
2024
2061
2101
2119
2157
2174
2195
2208
2338
2343
2434
2466
2488
2598
2600
2641
2661
2685
2699
2777
2817
2821
2855
2868
2874
2986
3065
3067
3103
3129
3151
3166
3197
3199
3253
3280
3342
3353
3379
3386
3431
3464
3467
3545
3575
3582
3603
3605
3618
3781
3785
3801
3855
3937
3944
3951
3971
4001
4089
4151
4208
4239
4269
4381
4387
4389
4390
4417
4503
4504
4505
4506
4560
4639
4673
4777
4803
4827
4843
4870
4884
4913
4932
4998
5020
5123
5173
5194
5221
5229
5243
5258
5328
5388
5474
5555
5556
5566
5613
5644
5661
5676
5680
5681
5705
5719
5727
5794
5824
5888
5927
5931
5951
5992
6070
6121
6167
6195
6213
6279
6288
6293
6361
6404
6456
6463
6502
6515
6575
6579
6616
6618
6622
6625
6626
6646
6714
6767
6776
6825
6846
6901
6970
7067
7073
7075
7081
7094
7159
7213
7240
7453
7463
7471
7499
7508
7525
7557
7596
7718
7892
7895
7898
7921
7940
7949
7972
8017
8033
8055
8163
8173
8248
8285
8300
8330
8351
8424
8447
8545
8558
8583
8619
8623
8673
8707
8711
8720
8739
8772
8777
8796
8815
8852
8859
8906
8942
8991
9054
9067
9122
9134
9180
9186
9269
9312
9313
9329
9330
9402
9438
9457
9579
9590
9621
9622
9644
9673
9712
9717
9727
9743
9752
9787
9800
9807
9819
9923
9924
9994
9999
2202
7828
1283
1956
4448
3171
5740
503
1066
3474
4131
4453
6957
9234
880
3567
7181
442
2220
2450
5250
517
1156
2314
4068
5136
6091
8899
9287
878
1677
2712
3239
3907
3977
5152
6004
6779
8782
9017
9963
3614
5390
5820
8302
898
2236
2591
4711
4905
7749
7856
1327
1733
2457
3939
4092
5933
6409
6837
7212
9461
9471
1032
2087
2882
3856
4933
6216
6303
7131
1103
4929
5310
5326
6978
7630
7708
7923
8462
8586
421
1114
1891
2082
6031
6885
7398
7823
8896
9304
3377
4487
4631
4643
7200
2020
2342
4376
9121
3117
4657
5901
7336
8456
633
2400
2808
3552
5110
5502
6029
6249
6963
7888
7890
7967
9796
1217
1809
2194
2744
2987
4901
6054
113
1227
1537
2029
2199
2848
3206
3527
3530
4984
5279
5626
5717
8119
8419
8650
9175
9216
9620
9632
9888
6098
7601
223
953
1213
2276
2369
2512
3732
3870
4130
4324
4545
5047
5299
5985
7456
7658
8894
9124
9601
9751
4667
6689
509
1813
2022
2142
2863
3516
3863
6996
7018
8888
9305
9929
9990
14
934
1174
2519
2521
2818
3604
4141
4243
4627
5545
5708
5798
5834
5839
5865
5891
6679
7063
7127
7286
8384
8509
8571
9147
9826
1613
3112
7681
1016
3813
5463
6302
6831
8249
8708
497
607
2038
4980
6229
6413
9252
9611
343
350
914
1169
1457
1775
2047
2497
2664
3243
3542
3588
3651
3772
4030
4129
4230
4369
4578
4867
5024
5115
5586
6101
6106
6177
6475
6856
7236
7475
7726
7928
8129
8520
8799
8887
8922
9426
917
595
2919
3806
4308
9633
1600
2628
3850
4427
5057
5058
5074
5895
6039
8705
9581
4947
5145
7335
8629
2576
7237
8127
9295
208
291
592
813
1010
1100
1239
1332
1392
1524
1750
2257
2382
2383
2419
2626
2853
3120
3260
4284
4519
4891
5080
5089
5106
5320
5533
5694
5982
6079
6199
6202
6277
6763
6894
7350
7440
7565
8125
8281
8704
9628
9783
9939
90
3266
3537
5113
8193
8676
4305
4410
6335
5844
387
449
499
933
2187
2478
2979
3106
4374
4415
4679
4880
5391
5407
5425
5696
5767
6205
6451
6935
8696
8806
9801
9956
5687
8615
433
2448
3673
5497
5698
8141
8916
8953
874
3408
7268
8493
9012
4764
7518
231
957
963
1330
1746
1794
2064
2229
2801
2887
3423
3911
3956
4233
4293
4478
4921
5042
5247
5308
5461
5589
5673
5915
6242
6400
7182
7379
7528
8417
8435
8690
8749
8903
8966
9065
9226
9631
9678
6236
6392
7969
9512
1499
1551
3925
4687
6696
8391
1416
2534
3632
4409
5334
7540
8422
8992
9332
2563
1341
1629
1861
2520
2579
2927
3040
3075
3148
3249
3686
3904
3963
4614
5301
5374
5381
5395
5993
7101
7189
7409
7958
8829
9311
9343
75
1329
6116
6759
822
4139
4334
5065
5213
6758
8382
8548
9157
9870
515
9030
9315
5955
6937
8043
8733
3105
3257
3964
4703
6632
7548
5163
6795
97
293
567
831
1194
1243
1250
1397
1512
1618
1846
1913
1972
2239
2304
2366
2404
2749
2761
2879
2959
3110
3184
3238
3426
3712
4142
4179
4188
4412
4494
4582
4668
4732
4979
5234
5784
5998
6045
6122
6140
6464
6573
6652
6661
6684
6751
6958
7136
7173
7191
7342
7567
7804
7848
8073
8085
8197
8224
8317
8352
8358
8670
8840
8844
9053
9129
9144
9792
9892
341
1892
3753
3861
5289
7071
8846
1141
4282
142
490
1747
6455
9745
3044
3721
4336
4572
4596
4740
5400
5772
7011
8434
50
1818
5233
5508
6307
248
283
1091
1431
2374
3447
4023
4360
4544
4608
4693
4739
5452
5592
6094
6173
6478
7798
9224
9372
4530
8117
8290
9037
590
661
971
982
996
3111
3943
3954
5244
7399
8067
1940
4292
9238
276
1170
1573
1812
1870
2040
2405
2708
2782
2797
2936
2999
3085
3510
3656
4672
4805
4986
5290
5646
5671
6071
6301
6428
6539
6835
6879
7600
7790
7930
7994
8251
8373
8699
8978
9111
9804
9836
1548
3310
3784
4040
4370
4756
6676
9096
1222
1366
2212
3231
5192
7174
7835
8451
3470
7133
9953
179
394
523
701
1251
1994
3707
6226
6595
7805
7830
7955
8113
8581
8952
8970
9128
9961
1059
8521
8889
9222
638
877
2057
2134
2729
2766
2900
3121
3796
5716
6907
7590
7826
7982
8546
8693
9083
9702
2421
2689
3891
4419
5678
9585
9619
3598
5441
6110
7320
8158
9378
21
2191
3469
4937
5766
6523
8133
9866
854
2446
3729
4981
7650
2432
2998
3596
5144
7283
7743
8630
732
3432
3450
6232
8139
94
106
114
207
220
321
576
708
713
837
894
919
1085
1101
1119
1134
1180
1221
1280
1306
1334
1372
1729
1801
1970
2035
2090
2135
2249
2329
2514
2597
2730
2732
2753
2781
2798
2918
2953
2984
3066
3073
3178
3287
3559
3653
3677
3967
4088
4206
4295
4433
4473
4536
4652
4714
4720
4741
4893
4948
4989
5188
5278
5377
5411
5435
5481
5514
5526
5724
5773
5782
5842
5881
5905
6095
6149
6214
6431
6435
6571
6668
6669
6677
6804
6829
6861
6864
6895
6981
7300
7316
7448
7534
7539
7686
7706
7912
7954
7960
8175
8332
8376
8383
8445
8533
8544
8606
8985
9235
9300
9459
9481
9524
9551
9578
9646
9681
9716
9942
1534
7044
901
905
6434
8443
774
8008
274
1897
2086
2894
3137
5429
5529
6052
6458
6967
712
1712
3771
4186
5991
6389
6516
7215
7672
7809
9940
226
8946
135
639
867
2625
2647
4671
4855
4919
7611
9469
2282
3277
3489
3930
5810
6152
7771
8998
9318
393
951
2344
2501
2539
2551
2819
5007
5300
5519
6090
6219
6316
6376
6688
7330
7844
8621
9958
5283
8304
570
1734
3940
4094
5703
5974
6009
6557
6699
7109
9616
1009
3615
7465
216
1886
4059
4332
4804
4912
5079
5303
6233
7140
8790
8802
9131
3742
8686
2750
8229
9749
9955
2388
5063
7646
8022
8386
8411
8657
9087
9473
9965
723
2277
5417
9161
4084
4502
5754
5975
6044
6792
8052
9754
264
4134
4443
4556
4955
6153
1702
2172
5090
5935
7752
8994
130
132
340
352
470
671
985
1149
1157
1284
1409
1413
1436
1479
1504
1924
1988
2442
2463
2832
2862
3025
3045
3091
3155
3351
3636
3642
4052
4105
4118
4125
4466
4595
4661
4797
5345
5404
5454
5530
5569
5790
6239
6365
6374
6491
6547
6635
6932
7040
7169
7216
7269
7287
7417
7449
7486
7500
7538
8051
8261
8296
8323
8387
8409
8466
8781
8911
9301
9344
9416
9500
9862
611
1798
1815
3168
4830
6082
9668
1131
9415
2270
2609
3628
3799
3901
3986
4015
6221
9213
9336
9450
2264
3108
4916
5686
6670
6748
9649
1774
2165
2822
3741
3879
4883
6686
8541
9487
362
484
510
604
885
2023
2290
2477
2532
3501
3837
3918
3990
4605
4836
5143
5726
6357
6561
7329
9328
9453
9659
9720
353
9306
3328
4259
6853
8734
9047
1938
4689
6266
6323
9051
9257
9793
9910
91
700
800
1093
1270
1395
1458
1478
1681
1819
1950
2056
2077
2300
2352
2453
2500
2679
2707
2840
2952
2992
3068
3127
3566
3849
4070
4085
4301
4480
4996
5170
5384
5534
5742
6190
6985
7839
7860
7883
8049
8088
8233
8735
8818
9174
9429
9479
9950
9973
158
3752
8392
9243
962
1522
2596
4922
5142
5311
5971
6551
351
1358
1890
2301
2736
3558
4858
5851
6156
6176
6865
7609
8105
9455
6642
7220
9853
738
783
1296
1402
1464
1800
1807
2078
2080
2715
3722
5214
5594
5728
6007
7048
7776
8232
8717
9347
9962
9998
1053
4368
9112
1655
3213
3514
3550
5171
7597
8439
9916
1978
3194
3225
3572
4663
6155
8252
8715
788
1184
1716
2397
2413
2901
3488
3647
3672
4824
5098
5190
5715
5818
5995
7007
8072
9586
9988
6507
8311
8925
9373
317
385
1594
1849
1908
2828
3013
3794
3828
4120
4363
4876
5520
5953
6247
6830
6953
7501
8003
8131
8652
9389
9736
492
2275
3791
4291
4971
160
280
415
1709
2796
3829
5496
5944
6743
7306
7571
8688
9463
568
1835
5147
5356
7047
7102
7158
7727
8111
8355
8433
8878
9110
9322
2456
2509
3088
5131
5674
8301
4161
5343
5653
5823
7294
1811
2406
2988
3188
8481
9762
980
1278
3485
5432
6147
7402
8031
9212
9848
357
4637
5130
5659
6069
7248
8182
1492
6947
7129
2849
9731
6954
7015
9116
19
82
89
99
100
190
238
290
383
446
526
550
680
714
741
776
921
984
1124
1128
1178
1187
1225
1252
1292
1369
1496
1513
1552
1558
1593
1631
1661
1704
1804
1808
1832
1915
1923
1951
2003
2033
2045
2185
2227
2271
2288
2310
2380
2407
2417
2479
2537
2575
2583
2682
2763
2902
3039
3078
3133
3145
3217
3229
3306
3335
3403
3419
3422
3451
3480
3481
3532
3540
3555
3640
3710
3724
3725
3809
3832
3841
3885
3966
4000
4060
4122
4159
4178
4223
4225
4435
4486
4603
4709
4894
4897
4909
4972
5046
5102
5105
5448
5479
5511
5565
5614
5688
5695
5825
6112
6238
6255
6264
6362
6480
6483
6532
6534
6546
6597
6648
6663
6732
6823
6860
6977
7035
7149
7188
7253
7279
7288
7315
7340
7357
7364
7489
7651
7664
7724
7729
7739
7868
7889
7924
7939
7984
8014
8092
8126
8164
8209
8230
8349
8589
8613
8655
8736
8750
8858
8864
8879
8949
9006
9028
9032
9094
9197
9229
9357
9376
9379
9427
9439
9521
9559
9645
9648
9861
9952
2371
4615
5342
93
1139
1505
2105
6950
8980
9509
297
585
1914
4733
7936
9759
9603
325
2531
2646
2785
4245
175
386
824
2621
2996
3254
8097
85
2372
3935
4736
6019
6022
6929
8862
8883
9618
1442
2510
3844
8081
9425
720
1408
2055
2346
2350
2945
3565
3975
4479
5376
8069
8130
8875
9005
1917
5652
6064
7645
7811
8116
9533
1554
1717
1777
2680
3564
4780
7255
8325
8465
8786
6915
7544
8560
8620
8971
253
316
439
506
1370
2015
3245
5104
5357
5615
5826
6135
6201
6968
7051
7488
8186
8458
8982
9108
9540
9689
9832
1860
2323
3766
3854
4691
889
3279
5516
5878
8140
9145
87
162
491
955
988
1098
1162
1426
2774
3919
4372
4698
4792
6412
6855
8595
8679
9227
9351
9706
9903
511
4925
5398
9201
2522
2783
5218
8428
8683
186
888
2363
4106
4190
4396
410
1520
1579
2232
2612
2770
2787
2813
2985
3715
4100
4481
4573
5271
5743
5869
5911
5978
6013
6191
6217
6318
7062
7271
7720
8792
9449
9474
4430
6727
2846
4276
9511
1638
1841
4194
5428
6012
6925
7114
7390
7640
3589
3833
3941
5408
5868
7086
8547
8773
3876
7510
9253
9946
767
859
1360
1391
1470
2812
2942
3024
3202
3393
4349
4726
4875
5189
5240
5704
5745
6097
6355
6514
6567
6580
7307
7857
7957
8019
8642
8718
8748
3979
5360
8320
4695
5348
7820
609
1357
1998
2786
6806
7461
8882
9291
191
304
909
4268
7401
8940
890
1005
1900
2139
2485
2751
3156
4342
5050
6169
6237
6931
7431
8154
9165
9210
9271
9843
2094
2468
3811
7976
9326
662
1033
1656
1727
2384
2436
2793
3988
4482
4812
5226
5531
6417
7711
9612
9682
1553
1802
8702
1069
1084
2159
2403
3996
2794
2827
3162
4108
4488
5942
6308
6501
7123
7497
8780
610
655
1102
1254
1497
1577
1856
1916
1986
2106
2108
2196
2231
2438
2577
2728
2773
2854
3021
3234
3289
3390
3414
3678
3683
3702
3816
3957
4244
4318
4538
4626
4680
4731
5108
5359
5549
5821
6028
6036
6272
6325
6643
6665
6678
6705
6773
6869
7125
7190
7227
7464
7587
7929
8021
8268
8282
8408
8455
8609
8625
8626
9035
9188
9207
9259
9786
9802
9846
3182
4965
6799
7897
8118
1029
1645
4128
7152
77
3090
1313
2317
2791
4638
6050
8557
9242
9476
9957
2778
3026
5747
6691
8016
8156
8972
591
1277
1578
2631
3292
4285
4314
4460
6295
6378
7257
8094
8152
8199
8764
8822
9567
1013
3663
4250
5069
1185
2391
5645
7522
6424
7581
486
932
4286
5682
6997
3
257
364
455
2553
2633
2674
2738
3444
3520
3631
3927
4619
5103
5197
5467
5536
5689
5835
6026
6344
6920
7117
7252
7293
7365
7559
9692
9755
6468
8295
2533
2880
3150
4067
6811
923
1355
3212
4168
5928
6490
6585
7186
8138
9583
2555
2696
3460
4154
4715
565
710
789
1319
1724
2493
4198
6248
6270
6406
6615
6858
6890
6952
7041
7322
7774
7991
8677
3316
4027
4033
4474
5997
6798
8440
1054
4333
5610
5685
6261
8593
1429
2031
2237
2572
3138
3369
4378
4386
4644
5257
5460
5919
6683
6769
6995
7052
8275
9723
533
810
1186
3130
3205
5472
9219
330
459
1386
2148
2377
2814
3102
3492
4138
4729
5797
6510
6563
6733
7881
8640
9132
9577
413
614
7512
9653
814
1393
3324
5524
5557
8656
8658
9757
651
1058
1235
4641
4835
6752
6974
7423
9845
866
2929
976
2890
3756
4132
6875
2111
2565
3750
3928
9504
122
2122
2630
3338
4514
4917
7261
1410
2683
6768
8947
9191
24
139
408
417
496
498
544
573
606
683
693
770
795
920
940
1113
1181
1255
1271
1430
1473
1484
1500
1521
1546
1559
1580
1627
1731
1779
1806
1896
2036
2085
2097
2137
2153
2308
2367
2536
2546
2564
2771
2962
3436
3578
3662
3675
3748
3896
4137
4153
4201
4213
4317
4341
4451
4471
4594
4602
4681
4758
4951
4991
5036
5141
5178
5224
5372
5378
5410
5430
5499
5538
5571
5573
5605
5700
5706
5733
5809
5943
5986
6060
6251
6287
6309
6358
6388
6525
6608
6633
6809
6903
7029
7219
7233
7311
7344
7397
7490
7569
7741
7843
7875
7919
7920
8322
8368
8511
8584
8641
8663
8759
8861
9115
9273
9413
9718
9847
9881
9932
6880
7195
7693
8485
2835
6494
6698
840
7132
8987
9393
9750
1034
3326
3679
5806
7395
1788
2331
2376
2652
3711
744
4195
4309
6866
7526
1817
4886
5471
5489
6128
6445
7022
7537
2589
2991
4862
7719
7918
612
773
2420
2622
4247
4669
5097
5541
5601
6505
6735
6766
7230
7808
8596
9925
2280
2451
3496
5426
5940
6107
6593
8307
8599
348
574
755
1863
1942
1957
2281
2768
3314
4449
4604
4946
5208
5386
5616
5648
6298
6371
6482
7176
7387
7639
7675
7962
8610
9092
543
1743
2161
2711
2740
3889
5282
8143
328
577
2950
3334
5295
3042
3430
460
463
1351
1543
1654
1935
3435
4795
4865
5081
5291
5495
6067
6442
6876
7934
8416
72
483
2743
5322
6209
2912
5005
6134
7786
8849
1262
1641
2765
3327
3620
4248
4623
4724
5622
6489
6638
6961
7010
8885
699
1606
2347
4046
5318
5906
7618
8597
9176
1795
5848
7621
407
721
4509
6014
6200
7027
7941
8530
9947
137
682
781
922
1167
1275
1390
1523
1873
2523
2620
2975
3043
3169
3186
3574
3704
4061
4073
4298
4550
4787
4810
4823
5351
5643
5774
5903
5969
6010
6188
6857
7162
7554
7944
8136
8155
8309
8497
8566
8738
8973
9076
569
2241
4185
4420
5607
5875
6275
8404
9164
458
4017
4551
1967
3468
6254
6537
6902
399
1226
1905
2571
2889
2922
3094
4214
6794
8054
8413
8517
8550
1836
4964
6657
7446
5423
7418
9841
15
117
359
562
572
1653
1675
1918
2258
2505
2731
2734
2878
3230
3312
4391
4450
4819
6020
6364
7282
7814
8102
8159
8166
8313
8559
8701
8723
8807
8999
9021
9050
9059
9391
9495
9587
3593
6793
602
1272
1282
1324
1728
2423
2669
4235
4327
4990
5424
6486
6839
7987
8305
8328
9353
9978
374
1556
3553
4155
405
1921
2145
5723
5779
5914
5965
6286
6479
6745
7026
7232
7859
8538
9667
9781
9865
1000
5274
6252
7251
7813
9061
145
147
2074
4564
6612
615
2339
2549
5077
5236
5735
6231
6905
8444
6771
8527
260
2254
7377
8746
312
397
737
792
1104
1220
1260
1276
1384
1700
1799
1946
2041
2228
2375
2528
2648
2804
2914
2967
3176
3180
3315
3366
3472
3557
3723
3917
4296
4353
4421
4574
4745
4776
4779
4968
5003
5037
5085
5095
5132
5156
5341
5370
5402
5442
5564
5902
6025
6291
6330
6452
6695
6754
6774
6914
7121
7412
7701
7715
8213
8461
8692
8847
8908
9019
9152
9254
9272
9431
9443
9456
9602
9918
2559
5157
8474
438
2562
2904
4881
4610
5885
2811
2938
3048
5693
6411
6656
6848
10000
3727
4362
4393
5134
5670
5812
1630
3475
3998
5091
6040
9569
504
763
935
2426
2569
2907
5093
6111
7107
586
939
4704
5552
6046
1193
1203
1316
1348
1468
1692
1707
2146
2169
3736
4219
4340
4400
6005
6108
6965
7281
7532
7570
7666
7788
8203
8484
9277
1108
2847
3916
4832
423
1339
1982
2706
7057
7591
9671
1616
2201
2506
4675
6391
6770
742
2924
5967
7689
8385
9814
173
270
582
649
787
857
1158
1200
1929
2072
2089
2467
3004
3345
3392
3584
3667
3894
3936
4364
4523
4784
5023
5285
5294
5575
5808
6253
6289
6887
7171
7837
7922
8013
8653
8941
8988
9063
9081
9120
9407
1532
3441
8267
2182
2928
3622
5072
6138
6263
6628
7256
8755
3602
3853
4358
6310
6368
7198
7270
8234
8359
9244
9789
163
620
1130
1308
1756
2073
3288
4146
4648
4775
5265
5330
5609
6300
7384
7634
8504
8678
1205
2224
2353
5149
6267
9334
9747
228
363
1285
1676
2702
2717
3744
5340
5487
6276
8907
8962
9225
9434
753
3053
4966
9710
5781
9532
588
5599
5731
7612
9048
256
326
375
398
637
704
948
1279
1432
1587
2044
2051
2143
2150
2693
2909
3019
3023
3367
3592
4456
4885
4920
5068
5209
5431
5718
5892
6032
6074
6313
6566
6599
6601
6702
6810
7023
7060
7143
7254
7289
7371
7406
7458
7516
7763
7915
8243
8529
8632
8938
9071
9279
9310
9365
9395
9610
9652
9684
9772
9960
9996
1238
3706
7021
9970
842
2676
5494
6569
7494
8053
425
476
5249
5358
311
478
5714
28
143
930
3317
3440
3808
4493
6089
6493
7815
8215
8532
9018
9833
1133
1516
3625
7642
131
360
748
786
806
1294
1487
1490
1995
4013
4113
4352
5879
5961
6513
8059
8245
619
6402
9137
578
1690
2605
5853
5922
7460
7665
7759
9049
9136
3955
4659
4982
5836
7673
217
1376
1547
2483
2545
4436
5120
5800
5815
5899
7061
8628
9184
9194
9386
9790
9985
7777
1977
2303
2660
3549
8335
2250
3246
3827
4265
5183
5437
7467
8513
9591
757
936
4533
4765
6099
2025
2684
4935
4962
8834
3029
3865
5203
5811
5860
6466
8123
8227
9497
525
2103
2431
2931
5217
8820
9868
673
3768
3886
9008
76
536
1485
1852
2263
2318
2399
2526
2934
3195
4021
4026
4196
4621
4692
4868
4950
5201
5297
5446
5583
5882
6170
6425
6596
6660
6840
7175
7223
7617
7696
8002
8356
8378
9228
9302
9530
9688
9887
9890
9898
9976
1176
1257
5587
8872
9014
66
1684
7862
9140
1060
1253
1663
2014
2860
4176
1027
1880
2911
3165
3868
4902
6281
329
1933
5018
7564
8747
1563
3300
4541
4676
5900
5972
6636
7328
8297
8341
9146
9366
65
2941
3298
4636
7678
7959
8375
41
205
641
688
1145
1720
1803
2075
2292
2530
3072
4384
4790
4887
6940
7042
7730
7849
8185
9835
3909
4260
4710
285
522
625
3404
3607
3797
4440
4524
5449
6586
7037
7165
7201
7578
8240
8476
9977
1424
2076
2529
5707
2820
1488
3228
5451
8687
8865
48
129
153
178
267
367
412
535
629
645
656
1215
1342
1685
2059
2098
2144
2788
3476
3478
3587
3965
4371
4483
4683
5053
5898
6285
6338
6578
6790
6897
7999
8037
8135
8336
8425
8809
8968
9101
9324
9730
9840
140
1006
2725
3612
4584
6526
9991
2273
4686
7187
7196
8631
9614
2260
6023
7296
7327
947
2027
2197
2408
2538
2866
3993
4645
5387
5478
5484
5760
6777
8607
9288
9687
9828
871
1545
1761
1919
3158
3333
3826
5011
5122
5764
5861
6037
6059
6215
6764
7671
7964
8087
8339
9011
9042
9340
9467
9928
177
2735
2910
3125
6450
6548
6787
273
477
2127
3055
3383
3767
4322
5638
844
2895
1047
1646
2508
2637
2829
4048
4817
6011
7632
9218
580
598
1191
2151
2210
2681
3041
3352
3512
3687
3915
4379
4508
4747
4844
4873
4923
4957
5268
5666
6224
6346
7064
7428
7657
8813
9183
9448
9944
9964
9971
453
1137
1405
1427
2666
5768
7119
7228
8551
2608
3059
4607
4785
8324
8854
9770
2447
7438
7973
8362
468
918
966
1550
1640
1647
1701
2011
3270
3313
4838
4877
5486
6171
6438
6651
7207
8945
9166
9502
9561
169
4227
4331
6877
6955
3370
6800
8909
9309
1035
1648
6904
6984
8900
195
3659
9319
1112
2005
2214
2219
2566
3388
3484
3835
4347
4705
4713
5158
5305
5346
5632
5864
6610
6916
7043
7682
7799
7865
8212
8769
9414
9613
9902
756
1597
1937
2016
2411
8955
9103
204
1949
8121
9872
320
3136
3483
4748
5862
6341
6540
6734
7762
8537
8855
9159
9820
9984
500
925
1667
2234
2618
4889
5211
5361
6927
8515
8974
9623
110
3350
3407
4761
6278
7592
7891
8825
9418
1609
1693
4005
6034
7483
896
978
1050
1207
1453
1595
2883
3780
4145
4382
4532
5396
5738
6989
7382
7519
7655
8122
8403
8635
8886
9552
1455
1576
2238
2752
3304
3952
6980
8400
57
214
1388
2716
2851
2972
3074
3104
3493
3743
3921
4107
4264
4428
4461
5548
6006
6359
6797
9335
9711
344
847
1179
1759
9911
2017
5886
6964
8836
168
782
1354
3357
3421
5304
6783
7712
8452
9517
9784
9975
336
4173
7244
1592
1625
3290
3362
4056
4079
4256
4952
6290
7089
8555
9695
1757
1850
1966
2844
7971
8672
7433
9320
903
5627
8669
561
1007
1062
2330
3579
3819
4020
4351
6042
6542
7691
7807
7846
8070
716
4357
4565
6922
8832
9640
1396
1857
1939
3227
4579
5664
7577
8873
9542
151
886
1688
1830
1854
9436
501
986
2721
3349
4289
4555
5637
6841
6852
7115
7347
7760
8508
8618
9181
9860
4303
7325
176
2320
5204
6587
8477
9341
9679
9983
2393
2672
6262
224
528
1871
3536
4961
5439
5755
5981
6172
7610
9171
1400
2769
2876
4338
5264
8996
1289
3273
3356
3691
3735
4472
4552
5440
6946
784
2810
4010
4702
1753
2278
3812
4047
6454
7036
7576
9470
9908
3109
6056
7829
2629
3654
5216
7772
8578
2149
7326
8794
519
999
1307
1722
3031
4072
4447
6078
7337
7381
9548
1604
2482
3900
5956
6808
7372
9085
9139
9536
1760
4383
4432
4807
6127
183
4274
5269
5490
7817
1979
2251
2568
7782
7872
382
2225
4520
4651
8587
9556
1018
1954
2792
3119
3762
4866
9327
1049
3787
5752
6001
9904
1748
2268
4034
4097
7731
8490
705
7202
241
3203
3985
5468
6317
7680
6912
8029
8083
658
709
1963
4682
2307
3113
5456
6057
760
6772
7722
8169
8239
628
8146
9494
513
1246
2667
5546
5730
4839
9562
